<?xml version="1.0" encoding="UTF-8"?>
<!-- Generated by org.testng.reporters.JUnitReportReporter -->
<testsuite skipped="0" hostname="VAIO" name="com.qa.api.gorest.tests.CreateUserTest" tests="4" failures="0" timestamp="03 Jul 2021 07:51:50 GMT" time="6.527" errors="0">
  <testcase name="createUserTest" time="0.735" classname="com.qa.api.gorest.tests.CreateUserTest"/>
  <testcase name="createUserTest" time="4.217" classname="com.qa.api.gorest.tests.CreateUserTest"/>
  <testcase name="createUserTest" time="0.727" classname="com.qa.api.gorest.tests.CreateUserTest"/>
  <testcase name="createUserTest" time="0.848" classname="com.qa.api.gorest.tests.CreateUserTest"/>
</testsuite> <!-- com.qa.api.gorest.tests.CreateUserTest -->
