<?xml version="1.0" encoding="UTF-8"?>
<!-- Generated by org.testng.reporters.JUnitReportReporter -->
<testsuite skipped="0" hostname="VAIO" name="com.qa.api.gorest.tests.CreateProfileTest" tests="1" failures="0" timestamp="03 Jul 2021 08:55:04 GMT" time="4.394" errors="0">
  <testcase name="createProfileTest" time="4.394" classname="com.qa.api.gorest.tests.CreateProfileTest"/>
</testsuite> <!-- com.qa.api.gorest.tests.CreateProfileTest -->
