<?xml version="1.0" encoding="UTF-8"?>
<!-- Generated by org.testng.reporters.JUnitReportReporter -->
<testsuite skipped="0" hostname="VAIO" name="com.qa.api.gorest.tests.GetUserTest" tests="2" failures="0" timestamp="12 May 2021 15:26:53 GMT" time="7.646" errors="0">
  <testcase name="getAllUserWithQueryParamsAPITest" time="2.200" classname="com.qa.api.gorest.tests.GetUserTest"/>
  <testcase name="getAllUserListAPITest" time="5.446" classname="com.qa.api.gorest.tests.GetUserTest"/>
</testsuite> <!-- com.qa.api.gorest.tests.GetUserTest -->
